<?xml version="1.0" encoding="UTF-8"?>
<!-- Generated by org.testng.reporters.JUnitXMLReporter -->
<testsuite ignored="1" hostname="DESKTOP-OU80H79" failures="1" tests="1" name="Default test(failed)" time="0.062" errors="0" timestamp="10 Apr 2022 01:59:30 GMT">
  <testcase classname="com.app.testng.FailedTestCases" name="test9" time="0.02">
    <failure type="java.lang.AssertionError" message="expected [true] but found [false]">
      <![CDATA[java.lang.AssertionError: expected [true] but found [false]
at com.app.testng.FailedTestCases.test9(FailedTestCases.java:17)
... Removed 29 stack frames]]>
    </failure>
  </testcase> <!-- test9 -->
  <testcase classname="com.app.testng.FailedTestCases" name="test8" time="0.0">
    <ignored/>
  </testcase> <!-- test8 -->
</testsuite> <!-- Default test(failed) -->
